<?xml version="1.0" encoding="UTF-8"?>
<Site BuildName="Win32-mingw32-make"
	BuildStamp="20231115-0217-Experimental"
	Name="DESKTOP-MDPGADO"
	Generator="ctest-3.26.4"
	CompilerName="C:/mingw64/bin/g++.exe"
	CompilerVersion="13.1.0"
	OSName="Windows"
	Hostname="DESKTOP-MDPGADO"
	OSRelease=" Personal"
	OSVersion=" (Build 9200)"
	OSPlatform="AMD64"
	Is64Bits="1"
	VendorString=""
	VendorID="Unknown Manufacturer"
	FamilyID="0"
	ModelID="0"
	ProcessorCacheSize="0"
	NumberOfLogicalCPU="8"
	NumberOfPhysicalCPU="4"
	TotalVirtualMemory="18626"
	TotalPhysicalMemory="16194"
	LogicalProcessorsPerPhysical="2"
	ProcessorClockFrequency="2096"
	>
	<Testing>
		<StartDateTime>Nov 15 19:28 SE Asia Standard Time</StartDateTime>
		<StartTestTime>1700051320</StartTestTime>
		<TestList/>
		<EndDateTime>Nov 15 19:28 SE Asia Standard Time</EndDateTime>
		<EndTestTime>1700051320</EndTestTime>
		<ElapsedMinutes>0</ElapsedMinutes>
	</Testing>
</Site>
